<?xml version="1.0" encoding="UTF-8" ?>
<testsuite tests="16" failures="0" name="com.mycompany.atividadeteste4.CreditoTest" time="0.001" errors="0" skipped="0">
  <properties>
[...]
</properties>
  <testcase classname="com.mycompany.atividadeteste4.CreditoTest" name="com.mycompany.atividadeteste4.CreditoTest.testConcedeCredito1" time="0.001"/>
  <testcase classname="com.mycompany.atividadeteste4.CreditoTest" name="com.mycompany.atividadeteste4.CreditoTest.testConcedeCredito2" time="0"/>
  <testcase classname="com.mycompany.atividadeteste4.CreditoTest" name="com.mycompany.atividadeteste4.CreditoTest.testConcedeCredito3" time="0"/>
  <testcase classname="com.mycompany.atividadeteste4.CreditoTest" name="com.mycompany.atividadeteste4.CreditoTest.testConcedeCredito4" time="0"/>
  <testcase classname="com.mycompany.atividadeteste4.CreditoTest" name="com.mycompany.atividadeteste4.CreditoTest.testConcedeCredito5" time="0"/>
  <testcase classname="com.mycompany.atividadeteste4.CreditoTest" name="com.mycompany.atividadeteste4.CreditoTest.testConcedeCredito6" time="0"/>
  <testcase classname="com.mycompany.atividadeteste4.CreditoTest" name="com.mycompany.atividadeteste4.CreditoTest.testConcedeCredito7" time="0"/>
  <testcase classname="com.mycompany.atividadeteste4.CreditoTest" name="com.mycompany.atividadeteste4.CreditoTest.testConcedeCredito8" time="0"/>
  <testcase classname="com.mycompany.atividadeteste4.CreditoTest" name="com.mycompany.atividadeteste4.CreditoTest.testDefinirCredito1" time="0"/>
  <testcase classname="com.mycompany.atividadeteste4.CreditoTest" name="com.mycompany.atividadeteste4.CreditoTest.testDefinirCredito2" time="0"/>
  <testcase classname="com.mycompany.atividadeteste4.CreditoTest" name="com.mycompany.atividadeteste4.CreditoTest.testDefinirCredito3" time="0"/>
  <testcase classname="com.mycompany.atividadeteste4.CreditoTest" name="com.mycompany.atividadeteste4.CreditoTest.testDefinirCredito4" time="0"/>
  <testcase classname="com.mycompany.atividadeteste4.CreditoTest" name="com.mycompany.atividadeteste4.CreditoTest.testDefinirCredito5" time="0"/>
  <testcase classname="com.mycompany.atividadeteste4.CreditoTest" name="com.mycompany.atividadeteste4.CreditoTest.testDefinirCredito6" time="0"/>
  <testcase classname="com.mycompany.atividadeteste4.CreditoTest" name="com.mycompany.atividadeteste4.CreditoTest.testDefinirCredito7" time="0"/>
  <testcase classname="com.mycompany.atividadeteste4.CreditoTest" name="com.mycompany.atividadeteste4.CreditoTest.testDefinirCredito8" time="0"/>
</testsuite>